Could not read data file
iPhone 5 - White: Exporting image
Camera: Exporting image
Speaker: Exporting image
Gloss: Exporting image
iPhone: Exporting image
Home button: Exporting image
Lock Button: Exporting image
Side Buttons: Exporting image
Shadow-Reflection: Exporting image
Background: Exporting image
grid: Exporting image
resetButton: Exporting image
mainButton: Exporting image
icon16: Exporting image
icon15: Exporting image
icon14: Exporting image
icon13: Exporting image
icon12: Exporting image
icon11: Exporting image
icon10: Exporting image
icon9: Exporting image
icon8: Exporting image
icon7: Exporting image
icon6: Exporting image
icon5: Exporting image
icon4: Exporting image
icon3: Exporting image
icon2: Exporting image
icon1: Exporting image
29 views changed
Success: /var/folders/yt/llnkbkzn4c1118htr38mrpq80000gn/T/85F48693-2603-4FCB-BDA0-1D11389D6294-13212-00008813E27C1F49/iOS 7 UI Kit
